<?xml version="1.0" encoding="UTF-8"?>
<!-- Generated by org.testng.reporters.JUnitReportReporter -->
<testsuite ignored="0" hostname="intuitdepc408a" failures="0" tests="1" name="com.test.app.App" time="5.880" errors="0" timestamp="28 Jan 2022 05:47:37 GMT" skipped="0">
  <testcase classname="com.test.app.App" name="launchChromeBrowser" time="5.880"/>
</testsuite> <!-- com.test.app.App -->
